[debug] [2023-01-26T07:20:17.500Z] ----------------------------------------------------------------------
[debug] [2023-01-26T07:20:17.503Z] Command:       C:\Program Files\nodejs\node.exe C:\Users\user\AppData\Roaming\npm\node_modules\firebase-tools\lib\bin\firebase.js init
[debug] [2023-01-26T07:20:17.503Z] CLI Version:   11.21.0
[debug] [2023-01-26T07:20:17.504Z] Platform:      win32
[debug] [2023-01-26T07:20:17.504Z] Node Version:  v18.13.0
[debug] [2023-01-26T07:20:17.505Z] Time:          Thu Jan 26 2023 09:20:17 GMT+0200 (Central Africa Time)
[debug] [2023-01-26T07:20:17.505Z] ----------------------------------------------------------------------
[debug] 
[debug] [2023-01-26T07:20:17.515Z] > command requires scopes: ["email","openid","https://www.googleapis.com/auth/cloudplatformprojects.readonly","https://www.googleapis.com/auth/firebase","https://www.googleapis.com/auth/cloud-platform"]
[debug] [2023-01-26T07:20:17.515Z] > authorizing via signed-in user (shimwamanahenritresor@gmail.com)
[info] 
     ######## #### ########  ######## ########     ###     ######  ########
     ##        ##  ##     ## ##       ##     ##  ##   ##  ##       ##
     ######    ##  ########  ######   ########  #########  ######  ######
     ##        ##  ##    ##  ##       ##     ## ##     ##       ## ##
     ##       #### ##     ## ######## ########  ##     ##  ######  ########

You're about to initialize a Firebase project in this directory:

  D:\my wspace\health project\new web version__health

[info] 
=== Project Setup
[info] 
[info] First, let's associate this project directory with a Firebase project.
[info] You can create multiple project aliases by running firebase use --add, 
[info] but for now we'll just set up a default project.
[info] 
[debug] [2023-01-26T07:21:32.787Z] >>> [apiv2][query] GET https://firebase.googleapis.com/v1beta1/projects pageSize=100
[debug] [2023-01-26T07:21:35.482Z] <<< [apiv2][status] GET https://firebase.googleapis.com/v1beta1/projects 200
[debug] [2023-01-26T07:21:35.483Z] <<< [apiv2][body] GET https://firebase.googleapis.com/v1beta1/projects [omitted]
[info] i  Using project lego-d5217 (LeGo) 
[info] 
=== Database Setup
[info] i  database: ensuring required API firebasedatabase.googleapis.com is enabled... 
[debug] [2023-01-26T07:21:40.092Z] >>> [apiv2][query] GET https://serviceusage.googleapis.com/v1/projects/lego-d5217/services/firebasedatabase.googleapis.com [none]
[debug] [2023-01-26T07:21:40.092Z] >>> [apiv2][(partial)header] GET https://serviceusage.googleapis.com/v1/projects/lego-d5217/services/firebasedatabase.googleapis.com x-goog-quota-user=projects/lego-d5217
[debug] [2023-01-26T07:21:45.318Z] <<< [apiv2][status] GET https://serviceusage.googleapis.com/v1/projects/lego-d5217/services/firebasedatabase.googleapis.com 200
[debug] [2023-01-26T07:21:45.318Z] <<< [apiv2][body] GET https://serviceusage.googleapis.com/v1/projects/lego-d5217/services/firebasedatabase.googleapis.com [omitted]
[warn] !  database: missing required API firebasedatabase.googleapis.com. Enabling now... 
[debug] [2023-01-26T07:21:45.351Z] >>> [apiv2][query] POST https://serviceusage.googleapis.com/v1/projects/lego-d5217/services/firebasedatabase.googleapis.com:enable [none]
[debug] [2023-01-26T07:21:45.351Z] >>> [apiv2][(partial)header] POST https://serviceusage.googleapis.com/v1/projects/lego-d5217/services/firebasedatabase.googleapis.com:enable x-goog-quota-user=projects/lego-d5217
[debug] [2023-01-26T07:21:49.422Z] <<< [apiv2][status] POST https://serviceusage.googleapis.com/v1/projects/lego-d5217/services/firebasedatabase.googleapis.com:enable 200
[debug] [2023-01-26T07:21:49.422Z] <<< [apiv2][body] POST https://serviceusage.googleapis.com/v1/projects/lego-d5217/services/firebasedatabase.googleapis.com:enable [omitted]
[debug] [2023-01-26T07:21:59.437Z] >>> [apiv2][query] GET https://serviceusage.googleapis.com/v1/projects/lego-d5217/services/firebasedatabase.googleapis.com [none]
[debug] [2023-01-26T07:21:59.438Z] >>> [apiv2][(partial)header] GET https://serviceusage.googleapis.com/v1/projects/lego-d5217/services/firebasedatabase.googleapis.com x-goog-quota-user=projects/lego-d5217
[debug] [2023-01-26T07:22:01.500Z] <<< [apiv2][status] GET https://serviceusage.googleapis.com/v1/projects/lego-d5217/services/firebasedatabase.googleapis.com 200
[debug] [2023-01-26T07:22:01.500Z] <<< [apiv2][body] GET https://serviceusage.googleapis.com/v1/projects/lego-d5217/services/firebasedatabase.googleapis.com [omitted]
[info] +  database: required API firebasedatabase.googleapis.com is enabled 
[info] 
[debug] [2023-01-26T07:22:01.508Z] >>> [apiv2][query] GET https://firebase.googleapis.com/v1beta1/projects/lego-d5217 [none]
[debug] [2023-01-26T07:22:02.342Z] <<< [apiv2][status] GET https://firebase.googleapis.com/v1beta1/projects/lego-d5217 200
[debug] [2023-01-26T07:22:02.343Z] <<< [apiv2][body] GET https://firebase.googleapis.com/v1beta1/projects/lego-d5217 {"projectId":"lego-d5217","projectNumber":"159683011577","displayName":"LeGo","name":"projects/lego-d5217","resources":{"hostingSite":"lego-d5217"},"state":"ACTIVE","etag":"1_ec8271ba-88ba-4a1e-8cdb-49d10b0ef777"}
[debug] [2023-01-26T07:22:11.569Z] >>> [apiv2][query] POST https://firebasedatabase.googleapis.com/v1beta/projects/lego-d5217/locations/us-central1/instances databaseId=lego-d5217-default-rtdb&validateOnly=true
[debug] [2023-01-26T07:22:11.569Z] >>> [apiv2][body] POST https://firebasedatabase.googleapis.com/v1beta/projects/lego-d5217/locations/us-central1/instances {"type":"default_database"}
[debug] [2023-01-26T07:22:14.498Z] <<< [apiv2][status] POST https://firebasedatabase.googleapis.com/v1beta/projects/lego-d5217/locations/us-central1/instances 200
[debug] [2023-01-26T07:22:14.498Z] <<< [apiv2][body] POST https://firebasedatabase.googleapis.com/v1beta/projects/lego-d5217/locations/us-central1/instances {"name":"projects/159683011577/locations/us-central1/instances/lego-d5217-default-rtdb","project":"projects/159683011577","databaseUrl":"https://lego-d5217-default-rtdb.firebaseio.com","type":"DEFAULT_DATABASE","state":"ACTIVE"}
[debug] [2023-01-26T07:22:14.502Z] >>> [apiv2][query] POST https://firebasedatabase.googleapis.com/v1beta/projects/lego-d5217/locations/us-central1/instances databaseId=lego-d5217-default-rtdb
[debug] [2023-01-26T07:22:14.502Z] >>> [apiv2][body] POST https://firebasedatabase.googleapis.com/v1beta/projects/lego-d5217/locations/us-central1/instances {"type":"default_database"}
[debug] [2023-01-26T07:22:15.629Z] <<< [apiv2][status] POST https://firebasedatabase.googleapis.com/v1beta/projects/lego-d5217/locations/us-central1/instances 200
[debug] [2023-01-26T07:22:15.629Z] <<< [apiv2][body] POST https://firebasedatabase.googleapis.com/v1beta/projects/lego-d5217/locations/us-central1/instances {"name":"projects/159683011577/locations/us-central1/instances/lego-d5217-default-rtdb","project":"projects/159683011577","databaseUrl":"https://lego-d5217-default-rtdb.firebaseio.com","type":"DEFAULT_DATABASE","state":"ACTIVE"}
[info] 
[info] Firebase Realtime Database Security Rules allow you to define how your data should be
[info] structured and when your data can be read from and written to.
[info] 
[debug] [2023-01-26T07:22:20.131Z] >>> [apiv2][query] GET https://lego-d5217-default-rtdb.firebaseio.com/.settings/rules.json [none]
[debug] [2023-01-26T07:22:22.798Z] <<< [apiv2][status] GET https://lego-d5217-default-rtdb.firebaseio.com/.settings/rules.json 200
[debug] [2023-01-26T07:22:22.799Z] <<< [apiv2][body] GET https://lego-d5217-default-rtdb.firebaseio.com/.settings/rules.json [stream]
[info] +  Database Rules for lego-d5217-default-rtdb have been written to database.rules.json. 
[info] Future modifications to database.rules.json will update Realtime Database Security Rules when you run
[info] firebase deploy.
[info] 
=== Hosting Setup
[info] 
[info] Your public directory is the folder (relative to your project directory) that
[info] will contain Hosting assets to be uploaded with firebase deploy. If you
[info] have a build process for your assets, use your build's output directory.
[info] 
[debug] [2023-01-26T07:22:36.628Z] >>> [apiv2][query] GET https://www.gstatic.com/firebasejs/releases.json [none]
[debug] [2023-01-26T07:22:42.848Z] <<< [apiv2][status] GET https://www.gstatic.com/firebasejs/releases.json 200
[debug] [2023-01-26T07:22:42.849Z] <<< [apiv2][body] GET https://www.gstatic.com/firebasejs/releases.json {"current":{"version":"9.16.0","browserURL":"https://www.gstatic.com/firebasejs/9.16.0/firebase.js","packageURL":"https://www.gstatic.com/firebasejs/9.16.0/firebase.tgz"},"live":{"version":"9.16","browserURL":"https://www.gstatic.com/firebasejs/live/9.16/firebase.js","packageURL":"https://www.gstatic.com/firebasejs/live/9.16/firebase.tgz"},"components":{"analytics":"https://www.gstatic.com/firebasejs/9.16.0/firebase-analytics.js","app":"https://www.gstatic.com/firebasejs/9.16.0/firebase-app.js","app-check":"https://www.gstatic.com/firebasejs/9.16.0/firebase-app-check.js","auth":"https://www.gstatic.com/firebasejs/9.16.0/firebase-auth.js","auth/cordova":"https://www.gstatic.com/firebasejs/9.16.0/firebase-auth/cordova.js","auth/react-native":"https://www.gstatic.com/firebasejs/9.16.0/firebase-auth/react-native.js","functions":"https://www.gstatic.com/firebasejs/9.16.0/firebase-functions.js","firestore":"https://www.gstatic.com/firebasejs/9.16.0/firebase-firestore.js","firestore/lite":"https://www.gstatic.com/firebasejs/9.16.0/firebase-firestore/lite.js","installations":"https://www.gstatic.com/firebasejs/9.16.0/firebase-installations.js","storage":"https://www.gstatic.com/firebasejs/9.16.0/firebase-storage.js","performance":"https://www.gstatic.com/firebasejs/9.16.0/firebase-performance.js","remote-config":"https://www.gstatic.com/firebasejs/9.16.0/firebase-remote-config.js","messaging":"https://www.gstatic.com/firebasejs/9.16.0/firebase-messaging.js","messaging/sw":"https://www.gstatic.com/firebasejs/9.16.0/firebase-messaging/sw.js","database":"https://www.gstatic.com/firebasejs/9.16.0/firebase-database.js","firestore.memory":"https://www.gstatic.com/firebasejs/9.16.0/firebase-firestore.memory.js"}}
[info] +  Wrote public/index.html 
[info] 
[info] i  Detected a .git folder at D:\my wspace\health project\new web version__health 
[info] i  Authorizing with GitHub to upload your service account to a GitHub repository's secrets store. 
[info] 
[info] Visit this URL on this device to log in:
[info] https://github.com/login/oauth/authorize?client_id=89cf50f02ac6aaed3484&state=209021165&redirect_uri=http%3A%2F%2Flocalhost%3A9005&scope=read%3Auser%20repo%20public_repo
[info] 
[info] Waiting for authentication...
[debug] [2023-01-26T07:23:26.650Z] >>> [apiv2][query] POST https://github.com/login/oauth/access_token [none]
[debug] [2023-01-26T07:23:26.650Z] >>> [apiv2][body] POST https://github.com/login/oauth/access_token [stream]
[debug] [2023-01-26T07:23:36.424Z] <<< [apiv2][status] POST https://github.com/login/oauth/access_token 200
[debug] [2023-01-26T07:23:36.425Z] <<< [apiv2][body] POST https://github.com/login/oauth/access_token {"access_token":"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","token_type":"bearer","scope":"read:user,repo"}
[debug] [2023-01-26T07:23:36.476Z] >>> [apiv2][query] GET https://api.github.com/user [none]
[debug] [2023-01-26T07:23:39.387Z] <<< [apiv2][status] GET https://api.github.com/user 200
[debug] [2023-01-26T07:23:39.388Z] <<< [apiv2][body] GET https://api.github.com/user {"login":"HenriTresor","id":115924144,"node_id":"U_kgDOBujcsA","avatar_url":"https://avatars.githubusercontent.com/u/115924144?v=4","gravatar_id":"","url":"https://api.github.com/users/HenriTresor","html_url":"https://github.com/HenriTresor","followers_url":"https://api.github.com/users/HenriTresor/followers","following_url":"https://api.github.com/users/HenriTresor/following{/other_user}","gists_url":"https://api.github.com/users/HenriTresor/gists{/gist_id}","starred_url":"https://api.github.com/users/HenriTresor/starred{/owner}{/repo}","subscriptions_url":"https://api.github.com/users/HenriTresor/subscriptions","organizations_url":"https://api.github.com/users/HenriTresor/orgs","repos_url":"https://api.github.com/users/HenriTresor/repos","events_url":"https://api.github.com/users/HenriTresor/events{/privacy}","received_events_url":"https://api.github.com/users/HenriTresor/received_events","type":"User","site_admin":false,"name":"Henri Tresor","company":null,"blog":"henritresor.github.io/tresor-portfolio-site","location":null,"email":null,"hireable":null,"bio":"fullStack Developer","twitter_username":null,"public_repos":12,"public_gists":0,"followers":3,"following":2,"created_at":"2022-10-16T09:44:23Z","updated_at":"2023-01-13T10:10:43Z","private_gists":0,"total_private_repos":1,"owned_private_repos":1,"disk_usage":1769,"collaborators":0,"two_factor_authentication":false,"plan":{"name":"free","space":976562499,"collaborators":0,"private_repos":10000}}
[info] 
[info] +  Success! Logged into GitHub as HenriTresor 
[info] 
[debug] [2023-01-26T07:23:49.381Z] >>> [apiv2][query] GET https://api.github.com/repos//actions/secrets/public-key type=owner
[debug] [2023-01-26T07:23:50.821Z] >>> [apiv2][query] GET https://api.github.com/repos//actions/secrets/public-key type=owner
[debug] [2023-01-26T07:23:52.602Z] <<< [apiv2][status] GET https://api.github.com/repos//actions/secrets/public-key 404
[debug] [2023-01-26T07:23:52.602Z] <<< [apiv2][body] GET https://api.github.com/repos//actions/secrets/public-key {"message":"Not Found","documentation_url":"https://docs.github.com/rest"}
[debug] [2023-01-26T07:23:57.671Z] >>> [apiv2][query] GET https://api.github.com/repos/lego-app/actions/secrets/public-key type=owner
[debug] [2023-01-26T07:24:00.276Z] <<< [apiv2][status] GET https://api.github.com/repos//actions/secrets/public-key 404
[debug] [2023-01-26T07:24:00.277Z] <<< [apiv2][body] GET https://api.github.com/repos//actions/secrets/public-key {"message":"Not Found","documentation_url":"https://docs.github.com/rest"}
[debug] [2023-01-26T07:24:01.731Z] <<< [apiv2][status] GET https://api.github.com/repos/lego-app/actions/secrets/public-key 404
[debug] [2023-01-26T07:24:01.731Z] <<< [apiv2][body] GET https://api.github.com/repos/lego-app/actions/secrets/public-key {"message":"Not Found","documentation_url":"https://docs.github.com/rest"}
[debug] [2023-01-26T07:25:24.122Z] >>> [apiv2][query] GET https://api.github.com/repos/HenriTresor/health-webpage/actions/secrets/public-key type=owner
[debug] [2023-01-26T07:25:43.139Z] >>> [apiv2][query] GET https://api.github.com/repos/HenriTresor/health-webpage/actions/secrets/public-key type=owner
[debug] [2023-01-26T07:25:43.704Z] <<< [apiv2][status] GET https://api.github.com/repos/HenriTresor/health-webpage/actions/secrets/public-key 200
[debug] [2023-01-26T07:25:43.705Z] <<< [apiv2][body] GET https://api.github.com/repos/HenriTresor/health-webpage/actions/secrets/public-key {"key_id":"568250167242549743","key":"x4ep5n/nnA7Lf3qi2Xg7YRRQ7SwLCb/1OmHtaTln4DA="}
[debug] [2023-01-26T07:25:43.712Z] >>> [apiv2][query] GET https://api.github.com/repos/HenriTresor/health-webpage [none]
[debug] [2023-01-26T07:25:48.835Z] <<< [apiv2][status] GET https://api.github.com/repos/HenriTresor/health-webpage 200
[debug] [2023-01-26T07:25:48.835Z] <<< [apiv2][body] GET https://api.github.com/repos/HenriTresor/health-webpage {"id":593214551,"node_id":"R_kgDOI1u8Vw","name":"health-webpage","full_name":"HenriTresor/health-webpage","private":false,"owner":{"login":"HenriTresor","id":115924144,"node_id":"U_kgDOBujcsA","avatar_url":"https://avatars.githubusercontent.com/u/115924144?v=4","gravatar_id":"","url":"https://api.github.com/users/HenriTresor","html_url":"https://github.com/HenriTresor","followers_url":"https://api.github.com/users/HenriTresor/followers","following_url":"https://api.github.com/users/HenriTresor/following{/other_user}","gists_url":"https://api.github.com/users/HenriTresor/gists{/gist_id}","starred_url":"https://api.github.com/users/HenriTresor/starred{/owner}{/repo}","subscriptions_url":"https://api.github.com/users/HenriTresor/subscriptions","organizations_url":"https://api.github.com/users/HenriTresor/orgs","repos_url":"https://api.github.com/users/HenriTresor/repos","events_url":"https://api.github.com/users/HenriTresor/events{/privacy}","received_events_url":"https://api.github.com/users/HenriTresor/received_events","type":"User","site_admin":false},"html_url":"https://github.com/HenriTresor/health-webpage","description":null,"fork":false,"url":"https://api.github.com/repos/HenriTresor/health-webpage","forks_url":"https://api.github.com/repos/HenriTresor/health-webpage/forks","keys_url":"https://api.github.com/repos/HenriTresor/health-webpage/keys{/key_id}","collaborators_url":"https://api.github.com/repos/HenriTresor/health-webpage/collaborators{/collaborator}","teams_url":"https://api.github.com/repos/HenriTresor/health-webpage/teams","hooks_url":"https://api.github.com/repos/HenriTresor/health-webpage/hooks","issue_events_url":"https://api.github.com/repos/HenriTresor/health-webpage/issues/events{/number}","events_url":"https://api.github.com/repos/HenriTresor/health-webpage/events","assignees_url":"https://api.github.com/repos/HenriTresor/health-webpage/assignees{/user}","branches_url":"https://api.github.com/repos/HenriTresor/health-webpage/branches{/branch}","tags_url":"https://api.github.com/repos/HenriTresor/health-webpage/tags","blobs_url":"https://api.github.com/repos/HenriTresor/health-webpage/git/blobs{/sha}","git_tags_url":"https://api.github.com/repos/HenriTresor/health-webpage/git/tags{/sha}","git_refs_url":"https://api.github.com/repos/HenriTresor/health-webpage/git/refs{/sha}","trees_url":"https://api.github.com/repos/HenriTresor/health-webpage/git/trees{/sha}","statuses_url":"https://api.github.com/repos/HenriTresor/health-webpage/statuses/{sha}","languages_url":"https://api.github.com/repos/HenriTresor/health-webpage/languages","stargazers_url":"https://api.github.com/repos/HenriTresor/health-webpage/stargazers","contributors_url":"https://api.github.com/repos/HenriTresor/health-webpage/contributors","subscribers_url":"https://api.github.com/repos/HenriTresor/health-webpage/subscribers","subscription_url":"https://api.github.com/repos/HenriTresor/health-webpage/subscription","commits_url":"https://api.github.com/repos/HenriTresor/health-webpage/commits{/sha}","git_commits_url":"https://api.github.com/repos/HenriTresor/health-webpage/git/commits{/sha}","comments_url":"https://api.github.com/repos/HenriTresor/health-webpage/comments{/number}","issue_comment_url":"https://api.github.com/repos/HenriTresor/health-webpage/issues/comments{/number}","contents_url":"https://api.github.com/repos/HenriTresor/health-webpage/contents/{+path}","compare_url":"https://api.github.com/repos/HenriTresor/health-webpage/compare/{base}...{head}","merges_url":"https://api.github.com/repos/HenriTresor/health-webpage/merges","archive_url":"https://api.github.com/repos/HenriTresor/health-webpage/{archive_format}{/ref}","downloads_url":"https://api.github.com/repos/HenriTresor/health-webpage/downloads","issues_url":"https://api.github.com/repos/HenriTresor/health-webpage/issues{/number}","pulls_url":"https://api.github.com/repos/HenriTresor/health-webpage/pulls{/number}","milestones_url":"https://api.github.com/repos/HenriTresor/health-webpage/milestones{/number}","notifications_url":"https://api.github.com/repos/HenriTresor/health-webpage/notifications{?since,all,participating}","labels_url":"https://api.github.com/repos/HenriTresor/health-webpage/labels{/name}","releases_url":"https://api.github.com/repos/HenriTresor/health-webpage/releases{/id}","deployments_url":"https://api.github.com/repos/HenriTresor/health-webpage/deployments","created_at":"2023-01-25T14:02:28Z","updated_at":"2023-01-25T14:03:34Z","pushed_at":"2023-01-26T04:56:48Z","git_url":"git://github.com/HenriTresor/health-webpage.git","ssh_url":"git@github.com:HenriTresor/health-webpage.git","clone_url":"https://github.com/HenriTresor/health-webpage.git","svn_url":"https://github.com/HenriTresor/health-webpage","homepage":null,"size":16,"stargazers_count":0,"watchers_count":0,"language":"CSS","has_issues":true,"has_projects":true,"has_downloads":true,"has_wiki":true,"has_pages":true,"has_discussions":false,"forks_count":0,"mirror_url":null,"archived":false,"disabled":false,"open_issues_count":0,"license":null,"allow_forking":true,"is_template":false,"web_commit_signoff_required":false,"topics":[],"visibility":"public","forks":0,"open_issues":0,"watchers":0,"default_branch":"master","permissions":{"admin":true,"maintain":true,"push":true,"triage":true,"pull":true},"temp_clone_token":"","allow_squash_merge":true,"allow_merge_commit":true,"allow_rebase_merge":true,"allow_auto_merge":false,"delete_branch_on_merge":false,"allow_update_branch":false,"use_squash_pr_title_as_default":false,"squash_merge_commit_message":"COMMIT_MESSAGES","squash_merge_commit_title":"COMMIT_OR_PR_TITLE","merge_commit_message":"PR_TITLE","merge_commit_title":"MERGE_MESSAGE","security_and_analysis":{"secret_scanning":{"status":"disabled"},"secret_scanning_push_protection":{"status":"disabled"}},"network_count":0,"subscribers_count":1}
[debug] [2023-01-26T07:25:48.838Z] >>> [apiv2][query] POST https://iam.googleapis.com/v1/projects/lego-d5217/serviceAccounts [none]
[debug] [2023-01-26T07:25:48.839Z] >>> [apiv2][body] POST https://iam.googleapis.com/v1/projects/lego-d5217/serviceAccounts {"accountId":"github-action-593214551","serviceAccount":{"displayName":"GitHub Actions (HenriTresor/health-webpage)","description":"A service account with permission to deploy to Firebase Hosting for the GitHub repository HenriTresor/health-webpage"}}
[debug] [2023-01-26T07:25:57.541Z] <<< [apiv2][status] POST https://iam.googleapis.com/v1/projects/lego-d5217/serviceAccounts 200
[debug] [2023-01-26T07:25:57.541Z] <<< [apiv2][body] POST https://iam.googleapis.com/v1/projects/lego-d5217/serviceAccounts [omitted]
[debug] [2023-01-26T07:25:57.543Z] >>> [apiv2][query] GET https://iam.googleapis.com/v1/projects/lego-d5217/serviceAccounts/github-action-593214551@lego-d5217.iam.gserviceaccount.com [none]
[debug] [2023-01-26T07:25:57.548Z] >>> [apiv2][query] POST https://cloudresourcemanager.googleapis.com/v1/projects/lego-d5217:getIamPolicy [none]
[debug] [2023-01-26T07:25:59.769Z] <<< [apiv2][status] GET https://api.github.com/repos/HenriTresor/health-webpage/actions/secrets/public-key 200
[debug] [2023-01-26T07:25:59.769Z] <<< [apiv2][body] GET https://api.github.com/repos/HenriTresor/health-webpage/actions/secrets/public-key {"key_id":"568250167242549743","key":"x4ep5n/nnA7Lf3qi2Xg7YRRQ7SwLCb/1OmHtaTln4DA="}
[debug] [2023-01-26T07:26:00.695Z] <<< [apiv2][status] POST https://cloudresourcemanager.googleapis.com/v1/projects/lego-d5217:getIamPolicy 200
[debug] [2023-01-26T07:26:00.695Z] <<< [apiv2][body] POST https://cloudresourcemanager.googleapis.com/v1/projects/lego-d5217:getIamPolicy {"version":1,"etag":"BwXzJXnOrvg=","bindings":[{"role":"roles/firebase.managementServiceAgent","members":["serviceAccount:firebase-service-account@firebase-sa-management.iam.gserviceaccount.com","serviceAccount:service-159683011577@gcp-sa-firebase.iam.gserviceaccount.com"]},{"role":"roles/firebase.sdkAdminServiceAgent","members":["serviceAccount:firebase-adminsdk-5ta0k@lego-d5217.iam.gserviceaccount.com"]},{"role":"roles/firebaserules.system","members":["serviceAccount:service-159683011577@firebase-rules.iam.gserviceaccount.com"]},{"role":"roles/iam.serviceAccountTokenCreator","members":["serviceAccount:firebase-adminsdk-5ta0k@lego-d5217.iam.gserviceaccount.com"]},{"role":"roles/owner","members":["user:shimwamanahenritresor@gmail.com"]},{"role":"roles/pubsub.serviceAgent","members":["serviceAccount:service-159683011577@gcp-sa-pubsub.iam.gserviceaccount.com"]}]}
[debug] [2023-01-26T07:26:02.337Z] <<< [apiv2][status] GET https://iam.googleapis.com/v1/projects/lego-d5217/serviceAccounts/github-action-593214551@lego-d5217.iam.gserviceaccount.com 200
[debug] [2023-01-26T07:26:02.337Z] <<< [apiv2][body] GET https://iam.googleapis.com/v1/projects/lego-d5217/serviceAccounts/github-action-593214551@lego-d5217.iam.gserviceaccount.com {"name":"projects/lego-d5217/serviceAccounts/github-action-593214551@lego-d5217.iam.gserviceaccount.com","projectId":"lego-d5217","uniqueId":"114024300287606318219","email":"github-action-593214551@lego-d5217.iam.gserviceaccount.com","displayName":"GitHub Actions (HenriTresor/health-webpage)","etag":"MDEwMjE5MjA=","description":"A service account with permission to deploy to Firebase Hosting for the GitHub repository HenriTresor/health-webpage","oauth2ClientId":"114024300287606318219"}
[debug] [2023-01-26T07:26:02.338Z] >>> [apiv2][query] POST https://cloudresourcemanager.googleapis.com/v1/projects/lego-d5217:setIamPolicy [none]
[debug] [2023-01-26T07:26:02.338Z] >>> [apiv2][body] POST https://cloudresourcemanager.googleapis.com/v1/projects/lego-d5217:setIamPolicy {"policy":{"version":1,"etag":"BwXzJXnOrvg=","bindings":[{"role":"roles/firebase.managementServiceAgent","members":["serviceAccount:firebase-service-account@firebase-sa-management.iam.gserviceaccount.com","serviceAccount:service-159683011577@gcp-sa-firebase.iam.gserviceaccount.com"]},{"role":"roles/firebase.sdkAdminServiceAgent","members":["serviceAccount:firebase-adminsdk-5ta0k@lego-d5217.iam.gserviceaccount.com"]},{"role":"roles/firebaserules.system","members":["serviceAccount:service-159683011577@firebase-rules.iam.gserviceaccount.com"]},{"role":"roles/iam.serviceAccountTokenCreator","members":["serviceAccount:firebase-adminsdk-5ta0k@lego-d5217.iam.gserviceaccount.com"]},{"role":"roles/owner","members":["user:shimwamanahenritresor@gmail.com"]},{"role":"roles/pubsub.serviceAgent","members":["serviceAccount:service-159683011577@gcp-sa-pubsub.iam.gserviceaccount.com"]},{"role":"roles/firebaseauth.admin","members":["serviceAccount:github-action-593214551@lego-d5217.iam.gserviceaccount.com"]},{"role":"roles/serviceusage.apiKeysViewer","members":["serviceAccount:github-action-593214551@lego-d5217.iam.gserviceaccount.com"]},{"role":"roles/firebasehosting.admin","members":["serviceAccount:github-action-593214551@lego-d5217.iam.gserviceaccount.com"]},{"role":"roles/run.viewer","members":["serviceAccount:github-action-593214551@lego-d5217.iam.gserviceaccount.com"]}]},"updateMask":"bindings"}
